<?xml version="1.0" encoding="UTF-8"?>
<!-- Generated by org.testng.reporters.JUnitReportReporter -->
<testsuite hostname="Chandra" failures="0" tests="3" name="practice.ToLearnBatchExecution2" time="6.020" errors="0" timestamp="2024-09-20T20:56:35 IST" skipped="0">
  <testcase classname="practice.ToLearnBatchExecution2" name="m6" time="0.003"/>
  <system-out/>
  <testcase classname="practice.ToLearnBatchExecution2" name="m4" time="6.013"/>
  <system-out/>
  <testcase classname="practice.ToLearnBatchExecution2" name="m5" time="0.004"/>
  <system-out/>
</testsuite> <!-- practice.ToLearnBatchExecution2 -->
