<?xml version="1.0" encoding="UTF-8"?>
<!-- Generated by org.testng.reporters.JUnitReportReporter -->
<testsuite hostname="Chandra" failures="0" tests="2" name="practice.ToLearnBatchExecution" time="0.099" errors="0" timestamp="2024-09-20T20:56:35 IST" skipped="0">
  <testcase classname="practice.ToLearnBatchExecution" name="m3" time="0.003"/>
  <system-out/>
  <testcase classname="practice.ToLearnBatchExecution" name="m2" time="0.096"/>
  <system-out/>
</testsuite> <!-- practice.ToLearnBatchExecution -->
