<?xml version="1.0" encoding="UTF-8"?>
<!-- Generated by org.testng.reporters.JUnitReportReporter -->
<testsuite hostname="Chandra" failures="0" tests="1" name="vtigerUsingTestNG.ToCreateOrganisationUsingTestNGTest" time="28.353" errors="0" timestamp="2024-09-27T12:04:13 IST" skipped="0">
  <testcase classname="vtigerUsingTestNG.ToCreateOrganisationUsingTestNGTest" name="createOrganisationTest" time="28.353"/>
  <system-out>
mangooos_3967 created successfully  </system-out>
</testsuite> <!-- vtigerUsingTestNG.ToCreateOrganisationUsingTestNGTest -->
