<?xml version="1.0" encoding="UTF-8"?>
<!-- Generated by org.testng.reporters.JUnitReportReporter -->
<testsuite hostname="Chandra" failures="0" tests="1" name="practice.ToLearnDataProvider" time="0.000" errors="0" timestamp="2024-09-20T19:28:13 IST" skipped="1">
  <testcase classname="practice.ToLearnDataProvider" name="empDetails" time="0.000">
    <skipped/>
  </testcase> <!-- empDetails -->
  <system-out/>
</testsuite> <!-- practice.ToLearnDataProvider -->
