<?xml version="1.0" encoding="UTF-8"?>
<!-- Generated by org.testng.reporters.JUnitReportReporter -->
<testsuite hostname="Chandra" failures="0" tests="1" name="vtigerUsingTestNG.ToCreateContactWithSupportDateUsingTestNGTest" time="25.913" errors="0" timestamp="2024-09-27T13:36:46 IST" skipped="0">
  <testcase classname="vtigerUsingTestNG.ToCreateContactWithSupportDateUsingTestNGTest" name="createContactWithSupportDateTest" time="25.913"/>
  <system-out>
Nancy865 created successfully  </system-out>
</testsuite> <!-- vtigerUsingTestNG.ToCreateContactWithSupportDateUsingTestNGTest -->
