<?xml version="1.0" encoding="UTF-8"?>
<!-- Generated by org.testng.reporters.JUnitReportReporter -->
<testsuite hostname="Chandra" failures="0" tests="1" name="vtigerUsingTestNG.CreateContactWithOrganizationUsingTestNGTest" time="43.466" errors="0" timestamp="2024-09-27T13:43:09 IST" skipped="0">
  <testcase classname="vtigerUsingTestNG.CreateContactWithOrganizationUsingTestNGTest" name="createContactWithOrganizationTest" time="43.466"/>
  <system-out>
mangooos_3729 created successfully Nancy3729 created successfully  </system-out>
</testsuite> <!-- vtigerUsingTestNG.CreateContactWithOrganizationUsingTestNGTest -->
