<?xml version="1.0" encoding="UTF-8"?>
<!-- Generated by org.testng.reporters.JUnitReportReporter -->
<testsuite hostname="Chandra" failures="0" tests="1" name="vtigerUsingTestNG.ToCreateOrgWithIndustryTypeUsingTestNGTest" time="30.827" errors="0" timestamp="2024-09-27T12:10:49 IST" skipped="0">
  <testcase classname="vtigerUsingTestNG.ToCreateOrgWithIndustryTypeUsingTestNGTest" name="createOrgWithIndustryTypeTest" time="30.827"/>
  <system-out>
mangooos_1180 created successfully Education info is verified successfully Other info is verified successfully  </system-out>
</testsuite> <!-- vtigerUsingTestNG.ToCreateOrgWithIndustryTypeUsingTestNGTest -->
