<?xml version="1.0" encoding="UTF-8"?>
<!-- Generated by org.testng.reporters.JUnitReportReporter -->
<testsuite hostname="Chandra" failures="0" tests="1" name="vtigerUsingTestNG.CreateCampaignWithCloseDateUsingTestNGTest" time="22.741" errors="0" timestamp="2024-09-27T13:48:04 IST" skipped="0">
  <testcase classname="vtigerUsingTestNG.CreateCampaignWithCloseDateUsingTestNGTest" name="createCampaignTest" time="22.741"/>
  <system-out>
Asha3559 created successfully  </system-out>
</testsuite> <!-- vtigerUsingTestNG.CreateCampaignWithCloseDateUsingTestNGTest -->
